C:\Program Files\Microsoft Visual Studio\2022\Community\MSBuild\Microsoft\VC\v170\Microsoft.CppBuild.targets(531,5): warning MSB8028: The intermediate directory (D:\Devs\Github\DIRECTX\Bins\Debug\) contains files shared from another project (ECore.vcxproj).  This can lead to incorrect clean and rebuild behavior.
  PCH.cpp
  imgui.cpp
  imgui_demo.cpp
  imgui_draw.cpp
  imgui_impl_dx11.cpp
  imgui_impl_win32.cpp
  imgui_stdlib.cpp
  imgui_tables.cpp
  imgui_widgets.cpp
/Includes/imgui/imgui_draw.cpp(1,1): error C1083: Cannot open source file: '..\..\Includes\imgui\imgui_draw.cpp': No such file or directory
  (compiling source file '/Includes/imgui/imgui_draw.cpp')
  
/Includes/imgui/imgui.cpp(1,1): error C1083: Cannot open source file: '..\..\Includes\imgui\imgui.cpp': No such file or directory
  (compiling source file '/Includes/imgui/imgui.cpp')
  
/Includes/imgui/imgui_tables.cpp(1,1): error C1083: Cannot open source file: '..\..\Includes\imgui\imgui_tables.cpp': No such file or directory
  (compiling source file '/Includes/imgui/imgui_tables.cpp')
  
/Includes/imgui/imgui_impl_win32.cpp(1,1): error C1083: Cannot open source file: '..\..\Includes\imgui\imgui_impl_win32.cpp': No such file or directory
  (compiling source file '/Includes/imgui/imgui_impl_win32.cpp')
  
/Includes/imgui/imgui_widgets.cpp(1,1): error C1083: Cannot open source file: '..\..\Includes\imgui\imgui_widgets.cpp': No such file or directory
  (compiling source file '/Includes/imgui/imgui_widgets.cpp')
  
/Includes/imgui/imgui_stdlib.cpp(1,1): error C1083: Cannot open source file: '..\..\Includes\imgui\imgui_stdlib.cpp': No such file or directory
  (compiling source file '/Includes/imgui/imgui_stdlib.cpp')
  
/Includes/imgui/imgui_demo.cpp(1,1): error C1083: Cannot open source file: '..\..\Includes\imgui\imgui_demo.cpp': No such file or directory
  (compiling source file '/Includes/imgui/imgui_demo.cpp')
  
/Includes/imgui/imgui_impl_dx11.cpp(1,1): error C1083: Cannot open source file: '..\..\Includes\imgui\imgui_impl_dx11.cpp': No such file or directory
  (compiling source file '/Includes/imgui/imgui_impl_dx11.cpp')
  
