  PCH.cpp
  imgui.cpp
  imgui_demo.cpp
  imgui_draw.cpp
  imgui_impl_dx11.cpp
  imgui_impl_win32.cpp
  imgui_stdlib.cpp
  imgui_tables.cpp
  imgui_widgets.cpp
  CMesh.cpp
  CShader.cpp
  CTransform.cpp
  EUtls.cpp
  GGizmo.cpp
  OTime.cpp
  OInput.cpp
  SReflection.cpp
  WInspector.cpp
  OComponent.cpp
  OGUI.cpp
  OWidget.cpp
  GCamera.cpp
  OGameObject.cpp
  GTestObject.cpp
  SConsole.cpp
  ODirectX11.cpp
  Main.cpp
  Object.cpp
  SApplication.cpp
  OWindow.cpp
  OWorld.cpp
  WContentBrowser.cpp
  WHierarchy.cpp
  WTools.cpp
  ECore.vcxproj -> C:\Users\Administrator\Desktop\DIRECTX-이전꺼\DIRECTX\Bins\Debug\ECore.exe
